<?xml version="1.0" encoding="UTF-8"?>
<testng-results ignored="0" total="1" passed="1" failed="0" skipped="0">
  <reporter-output>
  </reporter-output>
  <suite started-at="2024-12-06T11:47:34 IST" name="Default suite" finished-at="2024-12-06T11:47:37 IST" duration-ms="3424">
    <groups>
    </groups>
    <test started-at="2024-12-06T11:47:34 IST" name="Default test" finished-at="2024-12-06T11:47:37 IST" duration-ms="3424">
      <class name="Assertion.Script2">
        <test-method signature="testcase()[pri:0, instance:Assertion.Script2@52b1beb6]" started-at="2024-12-06T11:47:34 IST" name="testcase" finished-at="2024-12-06T11:47:37 IST" duration-ms="3266" status="PASS">
          <reporter-output>
          </reporter-output>
        </test-method> <!-- testcase -->
      </class> <!-- Assertion.Script2 -->
    </test> <!-- Default test -->
  </suite> <!-- Default suite -->
</testng-results>
