<?xml version="1.0" encoding="UTF-8"?>
<!-- Generated by org.testng.reporters.JUnitXMLReporter -->
<testsuite ignored="0" hostname="DESKTOP-DRKAESQ" failures="0" tests="5" name="Test" time="28.264" errors="0" timestamp="2024-11-28T22:08:18 IST">
  <testcase classname="TestNGFramework.Testcase2" name="psw" time="0.205"/>
  <testcase classname="TestNGFramework.Testcase1" name="Usn" time="0.14"/>
  <testcase classname="TestNGFramework.Testcase4" name="button" time="0.176"/>
  <testcase classname="TestNGFramework.Testcase3" name="title" time="0.024"/>
  <testcase classname="TestNGFramework.TestScript1" name="usn1" time="3.78"/>
</testsuite> <!-- Test -->
